[debug] [2021-11-02T07:46:02.747Z] ----------------------------------------------------------------------
[debug] [2021-11-02T07:46:02.749Z] Command:       C:\Program Files (x86)\nodejs\node.exe C:\Users\User\AppData\Roaming\npm\node_modules\firebase-tools\lib\bin\firebase.js init
[debug] [2021-11-02T07:46:02.749Z] CLI Version:   9.21.0
[debug] [2021-11-02T07:46:02.749Z] Platform:      win32
[debug] [2021-11-02T07:46:02.749Z] Node Version:  v16.2.0
[debug] [2021-11-02T07:46:02.754Z] Time:          Tue Nov 02 2021 13:46:02 GMT+0600 (Bangladesh Standard Time)
[debug] [2021-11-02T07:46:02.754Z] ----------------------------------------------------------------------
[debug] 
[debug] [2021-11-02T07:46:02.803Z] > command requires scopes: ["email","openid","https://www.googleapis.com/auth/cloudplatformprojects.readonly","https://www.googleapis.com/auth/firebase","https://www.googleapis.com/auth/cloud-platform"]
[debug] [2021-11-02T07:46:02.803Z] > authorizing via signed-in user (farhana.cse.bd@gmail.com)
[info] 
     ######## #### ########  ######## ########     ###     ######  ########
     ##        ##  ##     ## ##       ##     ##  ##   ##  ##       ##
     ######    ##  ########  ######   ########  #########  ######  ######
     ##        ##  ##    ##  ##       ##     ## ##     ##       ## ##
     ##       #### ##     ## ######## ########  ##     ##  ######  ########

You're about to initialize a Firebase project in this directory:

  C:\projects\travel

Before we get started, keep in mind:

  * You are currently outside your home directory
  * You are initializing within an existing Firebase project directory

